<?xml version="1.0" encoding="UTF-8"?>
<!-- Generated by org.testng.reporters.JUnitReportReporter -->
<testsuite hostname="USBLRSIAGRAWAL8" name="Testscript.script_PersonSearch" tests="1" failures="0" timestamp="3 Jan 2017 10:33:21 GMT" time="106.848" errors="0">
  <testcase name="personSearch" time="106.848" classname="Testscript.script_PersonSearch"/>
</testsuite> <!-- Testscript.script_PersonSearch -->
