<?xml version="1.0" encoding="UTF-8"?>
<!-- Generated by org.testng.reporters.JUnitReportReporter -->
<testsuite hostname="USBLRSIAGRAWAL8" name="Testscript.script_DESignIn" tests="3" failures="0" timestamp="25 Dec 2016 11:05:40 GMT" time="96.761" errors="0">
  <testcase name="validLogin" time="27.809" classname="Testscript.script_DESignIn"/>
  <testcase name="validLogin" time="34.270" classname="Testscript.script_DESignIn"/>
  <testcase name="validLogin" time="34.682" classname="Testscript.script_DESignIn"/>
</testsuite> <!-- Testscript.script_DESignIn -->
