<?xml version="1.0" encoding="UTF-8"?>
<!-- Generated by org.testng.reporters.JUnitReportReporter -->
<testsuite hostname="USBLRSIAGRAWAL8" name="Testscript.script_DESignIn" tests="2" failures="0" timestamp="2 Feb 2017 18:29:45 GMT" time="84.310" errors="0">
  <testcase name="validLogin" time="44.191" classname="Testscript.script_DESignIn"/>
  <testcase name="validLogin" time="40.119" classname="Testscript.script_DESignIn"/>
</testsuite> <!-- Testscript.script_DESignIn -->
