<?xml version="1.0" encoding="UTF-8"?>
<!-- Generated by org.testng.reporters.JUnitReportReporter -->
<testsuite hostname="USBLRSIAGRAWAL8" name="Testscript.script_CaseCreation" tests="1" failures="0" timestamp="3 Jan 2017 06:13:57 GMT" time="114.702" errors="0">
  <testcase name="caseCreation" time="114.702" classname="Testscript.script_CaseCreation"/>
</testsuite> <!-- Testscript.script_CaseCreation -->
