<?xml version="1.0" encoding="UTF-8"?>
<!-- Generated by org.testng.reporters.JUnitReportReporter -->
<testsuite hostname="USBLRSIAGRAWAL8" name="Testscript.script_Search" tests="1" failures="0" timestamp="19 Dec 2016 07:18:10 GMT" time="54.273" errors="0">
  <testcase name="Invalid_Search" time="54.273" classname="Testscript.script_Search"/>
</testsuite> <!-- Testscript.script_Search -->
